;  LST file generated by mikroListExporter - v.2.0 
; Date/Time: 20-Feb-20 6:06:43 PM
;----------------------------------------------

;Address Opcode 	ASM
0x0000	0xF000EF2D  	GOTO        90
_interrupt:
;timer.c,19 :: 		void interrupt (void)
0x0008	0xF015C000  	MOVFF       R0, 21
;timer.c,21 :: 		if ( TMR1IF_bit)
0x000C	0xA09E      	BTFSS       TMR1IF_bit, BitPos(TMR1IF_bit+0) 
0x000E	0xD00B      	BRA         L_interrupt0
;timer.c,25 :: 		TMR1H         = 0x0B;
0x0010	0x0E0B      	MOVLW       11
0x0012	0x6ECF      	MOVWF       TMR1H 
;timer.c,26 :: 		TMR1L         = 0xDC;
0x0014	0x0EDC      	MOVLW       220
0x0016	0x6ECE      	MOVWF       TMR1L 
;timer.c,27 :: 		overFlowsCounter++ ;
0x0018	0x2A16      	INCF        _overFlowsCounter, 1 
;timer.c,28 :: 		if ( overFlowsCounter == 2)
0x001A	0x5016      	MOVF        _overFlowsCounter, 0 
0x001C	0x0A02      	XORLW       2
0x001E	0xE102      	BNZ         L_interrupt1
;timer.c,31 :: 		RC0_bit = ~ RC0_Bit;
0x0020	0x7082      	BTG         RC0_bit, BitPos(RC0_bit+0) 
;timer.c,32 :: 		overFlowsCounter=0;
0x0022	0x6A16      	CLRF        _overFlowsCounter 
;timer.c,33 :: 		}
L_interrupt1:
;timer.c,35 :: 		TMR1IF_bit =   0 ;
0x0024	0x909E      	BCF         TMR1IF_bit, BitPos(TMR1IF_bit+0) 
;timer.c,39 :: 		}
L_interrupt0:
;timer.c,41 :: 		}
L_end_interrupt:
L__interrupt4:
0x0026	0xF000C015  	MOVFF       21, R0
0x002A	0x0011      	RETFIE      1
; end of _interrupt
_timer1_on:
;timer.c,43 :: 		void timer1_on (void)
;timer.c,45 :: 		T1CON_REG.Register_Bits.Bit0 = 1;   //TMR1ON
0x002C	0x80CD      	BSF         T1CON, 0 
;timer.c,47 :: 		}
L_end_timer1_on:
0x002E	0x0012      	RETURN      0
; end of _timer1_on
___CC2DW:
;__Lib_System.c,21 :: 		
;__Lib_System.c,23 :: 		
_CC2DL_Loop1:
;__Lib_System.c,24 :: 		
0x0030	0x0009      	TBLRD*+
;__Lib_System.c,25 :: 		
0x0032	0xFFE6CFF5  	MOVFF       TABLAT, POSTINC1
;__Lib_System.c,26 :: 		
0x0036	0x0600      	DECF        R0, 1, 0
;__Lib_System.c,27 :: 		
0x0038	0xE1FB      	BNZ         _CC2DL_Loop1
;__Lib_System.c,28 :: 		
0x003A	0x0601      	DECF        R1, 1, 0
;__Lib_System.c,29 :: 		
0x003C	0xE1F9      	BNZ         _CC2DL_Loop1
;__Lib_System.c,31 :: 		
L_end___CC2DW:
0x003E	0x0012      	RETURN      0
; end of ___CC2DW
_timer1_init:
;timer.c,3 :: 		void timer1_init(void)
;timer.c,5 :: 		TMR1IF_bit = 0;
0x0040	0x909E      	BCF         TMR1IF_bit, BitPos(TMR1IF_bit+0) 
;timer.c,6 :: 		TMR1H         = 0x0B;
0x0042	0x0E0B      	MOVLW       11
0x0044	0x6ECF      	MOVWF       TMR1H 
;timer.c,7 :: 		TMR1L         = 0xDC;
0x0046	0x0EDC      	MOVLW       220
0x0048	0x6ECE      	MOVWF       TMR1L 
;timer.c,9 :: 		INTCON_REG.Register_Bits.Bit6 = 1;   //PEIE
0x004A	0x8CF2      	BSF         INTCON, 6 
;timer.c,10 :: 		INTCON_REG.Register_Bits.Bit7 = 1;   //GIEH
0x004C	0x8EF2      	BSF         INTCON, 7 
;timer.c,11 :: 		PIE1_REG.Register_Bits.Bit0   = 1;    //TMR1IE
0x004E	0x809D      	BSF         PIE1, 0 
;timer.c,12 :: 		T1CON_REG.Register_Bits.Bit0  = 0;   //TMR1ON
0x0050	0x90CD      	BCF         T1CON, 0 
;timer.c,13 :: 		T1CON_REG.Register_Bits.Bit1  = 0;   //TMR1CS
0x0052	0x92CD      	BCF         T1CON, 1 
;timer.c,14 :: 		T1CON_REG.Register_Bits.Bit4  = 1;   //T1CKPS0
0x0054	0x88CD      	BSF         T1CON, 4 
;timer.c,15 :: 		T1CON_REG.Register_Bits.Bit5  = 1;   //T1CKPS1
0x0056	0x8ACD      	BSF         T1CON, 5 
;timer.c,18 :: 		}
L_end_timer1_init:
0x0058	0x0012      	RETURN      0
; end of _timer1_init
_main:
0x005A	0xF000EC34  	CALL        104, 0
;Timer1.c,3 :: 		void main() {
;Timer1.c,4 :: 		TRISC_REG.Register = 0;
0x005E	0x6A94      	CLRF        TRISC 
;Timer1.c,5 :: 		RC0_bit = 0;
0x0060	0x9082      	BCF         RC0_bit, BitPos(RC0_bit+0) 
;Timer1.c,6 :: 		timer1_init();
0x0062	0xDFEE      	RCALL       _timer1_init
;Timer1.c,7 :: 		timer1_on();
0x0064	0xDFE3      	RCALL       _timer1_on
;Timer1.c,8 :: 		}
L_end_main:
0x0066	0xD7FF      	BRA         $+0
; end of _main
0x0068	0xF016EE10  	LFSR        1, 22
0x006C	0x0E01      	MOVLW       1
0x006E	0x6E00      	MOVWF       R0 
0x0070	0x0E01      	MOVLW       1
0x0072	0x6E01      	MOVWF       R1 
0x0074	0x0E06      	MOVLW       6
0x0076	0x6EF6      	MOVWF       4086 
0x0078	0x0E00      	MOVLW       0
0x007A	0x6EF7      	MOVWF       TBLPTRH 
0x007C	0x0E00      	MOVLW       0
0x007E	0x6EF8      	MOVWF       TBLPTRU 
0x0080	0xF000EC18  	CALL        48, 0
0x0084	0x0012      	RETURN      0
;timer.c,0 :: ?ICS_overFlowsCounter
0x0006	0x00 ;?ICS_overFlowsCounter+0
; end of ?ICS_overFlowsCounter
Symbol List:
//** Routines locations **
//ADDRESS    SIZE    PROCEDURE
//----------------------------------------------
0x0008      [36]    _interrupt
0x002C       [4]    _timer1_on
0x0030      [16]    ___CC2DW
0x0040      [26]    _timer1_init
0x005A      [14]    _main
//** Variables locations ** 
//ADDRESS    SIZE    VARIABLE
//----------------------------------------------
0x0000       [1]    R0
0x0001       [1]    R1
0x0002       [1]    R2
0x0003       [1]    R3
0x0004       [1]    R4
0x0005       [1]    R5
0x0006       [1]    R6
0x0007       [1]    R7
0x0008       [1]    R8
0x0009       [1]    R9
0x000A       [1]    R10
0x000B       [1]    R11
0x000C       [1]    R12
0x000D       [1]    R13
0x000E       [1]    R14
0x000F       [1]    R15
0x0010       [1]    R16
0x0011       [1]    R17
0x0012       [1]    R18
0x0013       [1]    R19
0x0014       [1]    R20
0x0016       [1]    _overFlowsCounter
0x0F82       [0]    RC0_bit
0x0F9E       [0]    TMR1IF_bit
0x0FCE       [1]    TMR1L
0x0FCF       [1]    TMR1H
0x0FD8       [1]    STATUS
0x0FD9       [1]    FSR2L
0x0FDA       [1]    FSR2H
0x0FDE       [1]    POSTINC2
0x0FE0       [1]    BSR
0x0FE1       [1]    FSR1L
0x0FE2       [1]    FSR1H
0x0FE4       [1]    PREINC1
0x0FE6       [1]    POSTINC1
0x0FE7       [1]    INDF1
0x0FE8       [1]    WREG
0x0FE9       [1]    FSR0L
0x0FEA       [1]    FSR0H
0x0FEE       [1]    POSTINC0
0x0FF3       [1]    PRODL
0x0FF4       [1]    PRODH
0x0FF5       [1]    TABLAT
0x0FF6       [1]    TBLPTRL
0x0FF7       [1]    TBLPTRH
0x0FF8       [1]    TBLPTRU
//** Constants locations ** 
//ADDRESS    SIZE    CONSTANT
//----------------------------------------------
0x0006       [1]    ?ICS_overFlowsCounter
