;  LST file generated by mikroListExporter - v.2.0 
; Date/Time: 20-Feb-20 8:49:30 PM
;----------------------------------------------

;Address Opcode 	ASM
0x0000	0xF000EF28  	GOTO        80
_interrupt:
;timer.c,26 :: 		void interrupt (void)
;timer.c,28 :: 		if ( INTCON_REG.Register_Bits.Bit2)
0x0008	0xA4F2      	BTFSS       INTCON, 2 
0x000A	0xD006      	BRA         L_interrupt0
;timer.c,30 :: 		{  RC0_bit = ~ RC0_Bit;
0x000C	0x7082      	BTG         RC0_bit, BitPos(RC0_bit+0) 
;timer.c,31 :: 		TMR0L	 = 0xDC;
0x000E	0x0EDC      	MOVLW       220
0x0010	0x6ED6      	MOVWF       TMR0L 
;timer.c,32 :: 		TMR0H	 = 0x0B;
0x0012	0x0E0B      	MOVLW       11
0x0014	0x6ED7      	MOVWF       TMR0H 
;timer.c,34 :: 		INTCON_REG.Register_Bits.Bit2 =   0 ;
0x0016	0x94F2      	BCF         INTCON, 2 
;timer.c,35 :: 		}
L_interrupt0:
;timer.c,37 :: 		}
L_end_interrupt:
L__interrupt3:
0x0018	0x0011      	RETFIE      1
; end of _interrupt
_timer0_on:
;timer.c,39 :: 		void timer0_on (void)
;timer.c,41 :: 		T0CON_REG.Register_Bits.Bit7 = 1;   //TMR1ON
0x001A	0x8ED5      	BSF         T0CON, 7 
;timer.c,43 :: 		}
L_end_timer0_on:
0x001C	0x0012      	RETURN      0
; end of _timer0_on
___CC2DW:
;__Lib_System.c,21 :: 		
;__Lib_System.c,23 :: 		
_CC2DL_Loop1:
;__Lib_System.c,24 :: 		
0x001E	0x0009      	TBLRD*+
;__Lib_System.c,25 :: 		
0x0020	0xFFE6CFF5  	MOVFF       TABLAT, POSTINC1
;__Lib_System.c,26 :: 		
0x0024	0x0600      	DECF        R0, 1, 0
;__Lib_System.c,27 :: 		
0x0026	0xE1FB      	BNZ         _CC2DL_Loop1
;__Lib_System.c,28 :: 		
0x0028	0x0601      	DECF        R1, 1, 0
;__Lib_System.c,29 :: 		
0x002A	0xE1F9      	BNZ         _CC2DL_Loop1
;__Lib_System.c,31 :: 		
L_end___CC2DW:
0x002C	0x0012      	RETURN      0
; end of ___CC2DW
_timer0_init:
;timer.c,3 :: 		void timer0_init(void)
;timer.c,5 :: 		INTCON_REG.Register_Bits.Bit2 = 0;    //TMR0 Overflow Interrupt Flag bit
0x002E	0x94F2      	BCF         INTCON, 2 
;timer.c,6 :: 		TMR0L	 = 0xDC;
0x0030	0x0EDC      	MOVLW       220
0x0032	0x6ED6      	MOVWF       TMR0L 
;timer.c,7 :: 		TMR0H	 = 0x0B;
0x0034	0x0E0B      	MOVLW       11
0x0036	0x6ED7      	MOVWF       TMR0H 
;timer.c,8 :: 		INTCON_REG.Register_Bits.Bit6 = 1;   //PEIE
0x0038	0x8CF2      	BSF         INTCON, 6 
;timer.c,9 :: 		INTCON_REG.Register_Bits.Bit7 = 1;   //GIEH
0x003A	0x8EF2      	BSF         INTCON, 7 
;timer.c,10 :: 		INTCON_REG.Register_Bits.Bit5 = 1;   //TMR0 Overflow Interrupt Enable bit
0x003C	0x8AF2      	BSF         INTCON, 5 
;timer.c,11 :: 		T0CON_REG.Register_Bits.Bit7  = 0;    //Timer0 On/Off Control bit
0x003E	0x9ED5      	BCF         T0CON, 7 
;timer.c,12 :: 		T0CON_REG.Register_Bits.Bit6  = 0;    //Timer0 8-Bit/16-Bit Control bit
0x0040	0x9CD5      	BCF         T0CON, 6 
;timer.c,13 :: 		T0CON_REG.Register_Bits.Bit5  = 0;    //Timer0 Clock Source Select bit
0x0042	0x9AD5      	BCF         T0CON, 5 
;timer.c,14 :: 		T0CON_REG.Register_Bits.Bit4  = 0;    //Timer0 Source Edge Select bit
0x0044	0x98D5      	BCF         T0CON, 4 
;timer.c,15 :: 		T0CON_REG.Register_Bits.Bit3  = 0;    //Timer0 Prescaler Assignment bit
0x0046	0x96D5      	BCF         T0CON, 3 
;timer.c,16 :: 		T0CON_REG.Register_Bits.Bit2  = 0;    //Timer0 Prescaler Select bits
0x0048	0x94D5      	BCF         T0CON, 2 
;timer.c,17 :: 		T0CON_REG.Register_Bits.Bit1  = 1;    //Timer0 Prescaler Select bits
0x004A	0x82D5      	BSF         T0CON, 1 
;timer.c,18 :: 		T0CON_REG.Register_Bits.Bit0  = 1;    //Timer0 Prescaler Select bits
0x004C	0x80D5      	BSF         T0CON, 0 
;timer.c,25 :: 		}
L_end_timer0_init:
0x004E	0x0012      	RETURN      0
; end of _timer0_init
_main:
;Timer1.c,3 :: 		void main() {
;Timer1.c,4 :: 		TRISC_REG.Register = 0;
0x0050	0x6A94      	CLRF        TRISC 
;Timer1.c,5 :: 		RC0_bit = 0;
0x0052	0x9082      	BCF         RC0_bit, BitPos(RC0_bit+0) 
;Timer1.c,6 :: 		timer0_init();
0x0054	0xDFEC      	RCALL       _timer0_init
;Timer1.c,7 :: 		timer0_on();
0x0056	0xDFE1      	RCALL       _timer0_on
;Timer1.c,8 :: 		}
L_end_main:
0x0058	0xD7FF      	BRA         $+0
; end of _main
Symbol List:
//** Routines locations **
//ADDRESS    SIZE    PROCEDURE
//----------------------------------------------
0x0008      [18]    _interrupt
0x001A       [4]    _timer0_on
0x001E      [16]    ___CC2DW
0x002E      [34]    _timer0_init
0x0050      [10]    _main
//** Variables locations ** 
//ADDRESS    SIZE    VARIABLE
//----------------------------------------------
0x0000       [1]    R0
0x0001       [1]    R1
0x0002       [1]    R2
0x0003       [1]    R3
0x0004       [1]    R4
0x0005       [1]    R5
0x0006       [1]    R6
0x0007       [1]    R7
0x0008       [1]    R8
0x0009       [1]    R9
0x000A       [1]    R10
0x000B       [1]    R11
0x000C       [1]    R12
0x000D       [1]    R13
0x000E       [1]    R14
0x000F       [1]    R15
0x0010       [1]    R16
0x0011       [1]    R17
0x0012       [1]    R18
0x0013       [1]    R19
0x0014       [1]    R20
0x0F82       [0]    RC0_bit
0x0FD6       [1]    TMR0L
0x0FD7       [1]    TMR0H
0x0FD8       [1]    STATUS
0x0FD9       [1]    FSR2L
0x0FDA       [1]    FSR2H
0x0FDE       [1]    POSTINC2
0x0FE0       [1]    BSR
0x0FE1       [1]    FSR1L
0x0FE2       [1]    FSR1H
0x0FE4       [1]    PREINC1
0x0FE6       [1]    POSTINC1
0x0FE7       [1]    INDF1
0x0FE8       [1]    WREG
0x0FE9       [1]    FSR0L
0x0FEA       [1]    FSR0H
0x0FEE       [1]    POSTINC0
0x0FF3       [1]    PRODL
0x0FF4       [1]    PRODH
0x0FF5       [1]    TABLAT
0x0FF6       [1]    TBLPTRL
0x0FF7       [1]    TBLPTRH
0x0FF8       [1]    TBLPTRU
