;  LST file generated by mikroListExporter - v.2.0 
; Date/Time: 19-Feb-20 10:31:47 AM
;----------------------------------------------

;Address Opcode 	ASM
0x0000	0xF000EF39  	GOTO        114
_interrupt:
;interrupt.c,16 :: 		void interrupt( void )
;interrupt.c,18 :: 		if ( INTCON_REG.Register_Bits.Bit1 ==1 )
0x0008	0xA2F2      	BTFSS       INTCON, 1 
0x000A	0xD002      	BRA         L_interrupt0
;interrupt.c,20 :: 		INTCON_REG.Register_Bits.Bit1 =0;
0x000C	0x92F2      	BCF         INTCON, 1 
;interrupt.c,21 :: 		LED1 = ~ LED1 ;
0x000E	0x7882      	BTG         PORTC, 4 
;interrupt.c,23 :: 		}
L_interrupt0:
;interrupt.c,24 :: 		if(RBIF_bit == 1 && RB4_bit == 1){
0x0010	0xA0F2      	BTFSS       RBIF_bit, BitPos(RBIF_bit+0) 
0x0012	0xD005      	BRA         L_interrupt3
0x0014	0xA881      	BTFSS       RB4_bit, BitPos(RB4_bit+0) 
0x0016	0xD003      	BRA         L_interrupt3
L__interrupt27:
;interrupt.c,25 :: 		RBIF_bit = 0;
0x0018	0x90F2      	BCF         RBIF_bit, BitPos(RBIF_bit+0) 
;interrupt.c,26 :: 		RC4_bit = 1;
0x001A	0x8882      	BSF         RC4_bit, BitPos(RC4_bit+0) 
;interrupt.c,27 :: 		}
0x001C	0xD006      	BRA         L_interrupt4
L_interrupt3:
;interrupt.c,28 :: 		else if(RBIF_bit == 1 && RB4_bit == 0){
0x001E	0xA0F2      	BTFSS       RBIF_bit, BitPos(RBIF_bit+0) 
0x0020	0xD004      	BRA         L_interrupt7
0x0022	0xB881      	BTFSC       RB4_bit, BitPos(RB4_bit+0) 
0x0024	0xD002      	BRA         L_interrupt7
L__interrupt26:
;interrupt.c,29 :: 		RBIF_bit = 0;
0x0026	0x90F2      	BCF         RBIF_bit, BitPos(RBIF_bit+0) 
;interrupt.c,30 :: 		RC4_bit = 0;
0x0028	0x9882      	BCF         RC4_bit, BitPos(RC4_bit+0) 
;interrupt.c,31 :: 		}
L_interrupt7:
L_interrupt4:
;interrupt.c,33 :: 		if(RBIF_bit == 1 && RB5_bit == 1){
0x002A	0xA0F2      	BTFSS       RBIF_bit, BitPos(RBIF_bit+0) 
0x002C	0xD005      	BRA         L_interrupt10
0x002E	0xAA81      	BTFSS       RB5_bit, BitPos(RB5_bit+0) 
0x0030	0xD003      	BRA         L_interrupt10
L__interrupt25:
;interrupt.c,34 :: 		RBIF_bit = 0;
0x0032	0x90F2      	BCF         RBIF_bit, BitPos(RBIF_bit+0) 
;interrupt.c,35 :: 		RC4_bit = 1;
0x0034	0x8882      	BSF         RC4_bit, BitPos(RC4_bit+0) 
;interrupt.c,36 :: 		}
0x0036	0xD006      	BRA         L_interrupt11
L_interrupt10:
;interrupt.c,37 :: 		else if(RBIF_bit == 1 && RB5_bit == 0){
0x0038	0xA0F2      	BTFSS       RBIF_bit, BitPos(RBIF_bit+0) 
0x003A	0xD004      	BRA         L_interrupt14
0x003C	0xBA81      	BTFSC       RB5_bit, BitPos(RB5_bit+0) 
0x003E	0xD002      	BRA         L_interrupt14
L__interrupt24:
;interrupt.c,38 :: 		RBIF_bit = 0;
0x0040	0x90F2      	BCF         RBIF_bit, BitPos(RBIF_bit+0) 
;interrupt.c,39 :: 		RC4_bit = 0;
0x0042	0x9882      	BCF         RC4_bit, BitPos(RC4_bit+0) 
;interrupt.c,40 :: 		}
L_interrupt14:
L_interrupt11:
;interrupt.c,42 :: 		if(RBIF_bit == 1 && RB6_bit == 1){
0x0044	0xA0F2      	BTFSS       RBIF_bit, BitPos(RBIF_bit+0) 
0x0046	0xD005      	BRA         L_interrupt17
0x0048	0xAC81      	BTFSS       RB6_bit, BitPos(RB6_bit+0) 
0x004A	0xD003      	BRA         L_interrupt17
L__interrupt23:
;interrupt.c,43 :: 		RBIF_bit = 0;
0x004C	0x90F2      	BCF         RBIF_bit, BitPos(RBIF_bit+0) 
;interrupt.c,44 :: 		RC4_bit = 1;
0x004E	0x8882      	BSF         RC4_bit, BitPos(RC4_bit+0) 
;interrupt.c,45 :: 		}
0x0050	0xD006      	BRA         L_interrupt18
L_interrupt17:
;interrupt.c,46 :: 		else if(RBIF_bit == 1 && RB6_bit == 0){
0x0052	0xA0F2      	BTFSS       RBIF_bit, BitPos(RBIF_bit+0) 
0x0054	0xD004      	BRA         L_interrupt21
0x0056	0xBC81      	BTFSC       RB6_bit, BitPos(RB6_bit+0) 
0x0058	0xD002      	BRA         L_interrupt21
L__interrupt22:
;interrupt.c,47 :: 		RBIF_bit = 0;
0x005A	0x90F2      	BCF         RBIF_bit, BitPos(RBIF_bit+0) 
;interrupt.c,48 :: 		RC4_bit = 0;
0x005C	0x9882      	BCF         RC4_bit, BitPos(RC4_bit+0) 
;interrupt.c,49 :: 		}
L_interrupt21:
L_interrupt18:
;interrupt.c,50 :: 		}
L_end_interrupt:
L__interrupt30:
0x005E	0x0011      	RETFIE      1
; end of _interrupt
_interrupt_init:
;interrupt.c,4 :: 		void interrupt_init( void ){
;interrupt.c,5 :: 		INTCON_REG.Register_Bits.Bit1 =0 ; // The INT0 external interrupt did not occur
0x0060	0x92F2      	BCF         INTCON, 1 
;interrupt.c,6 :: 		TRISB_REG.Register_Bits.Bit0 = 1 ; // Make int0_Bit Input
0x0062	0x8093      	BSF         TRISB, 0 
;interrupt.c,7 :: 		INTCON_REG.Register_Bits.Bit7 =1 ; // important for Enables interrupts
0x0064	0x8EF2      	BSF         INTCON, 7 
;interrupt.c,8 :: 		INTCON_REG.Register_Bits.Bit6 =1 ; // important for Enables interrupts
0x0066	0x8CF2      	BSF         INTCON, 6 
;interrupt.c,9 :: 		INTCON_REG.Register_Bits.Bit4 =1 ; // Enables the INT0 external interrupt
0x0068	0x88F2      	BSF         INTCON, 4 
;interrupt.c,10 :: 		INTCON_REG.Register_Bits.Bit3 =1 ; // Enables the RB port change interrupt
0x006A	0x86F2      	BSF         INTCON, 3 
;interrupt.c,11 :: 		INTCON2_REG.Register_Bits.Bit6 =0 ; // Interrupt on Falling edge
0x006C	0x9CF1      	BCF         INTCON2, 6 
;interrupt.c,12 :: 		RBIF_bit = 0;
0x006E	0x90F2      	BCF         RBIF_bit, BitPos(RBIF_bit+0) 
;interrupt.c,14 :: 		}                                    //
L_end_interrupt_init:
0x0070	0x0012      	RETURN      0
; end of _interrupt_init
_main:
;MyProject.c,4 :: 		void main() {
;MyProject.c,7 :: 		TRISC_REG.Register = 0;
0x0072	0x6A94      	CLRF        TRISC 
;MyProject.c,8 :: 		interrupt_init();
0x0074	0xDFF5      	RCALL       _interrupt_init
;MyProject.c,9 :: 		LED1 = 0;
0x0076	0x9882      	BCF         PORTC, 4 
;MyProject.c,10 :: 		while( 1 )
L_main0:
;MyProject.c,12 :: 		LED0  = 0;
0x0078	0x9082      	BCF         PORTC, 0 
;MyProject.c,13 :: 		Delay_ms(100);
0x007A	0x0E82      	MOVLW       130
0x007C	0x6E0C      	MOVWF       R12, 0
0x007E	0x0EDD      	MOVLW       221
0x0080	0x6E0D      	MOVWF       R13, 0
L_main2:
0x0082	0x2E0D      	DECFSZ      R13, 1, 0
0x0084	0xD7FE      	BRA         L_main2
0x0086	0x2E0C      	DECFSZ      R12, 1, 0
0x0088	0xD7FC      	BRA         L_main2
0x008A	0x0000      	NOP
0x008C	0x0000      	NOP
;MyProject.c,14 :: 		LED0 = 1;
0x008E	0x8082      	BSF         PORTC, 0 
;MyProject.c,15 :: 		Delay_ms(100);
0x0090	0x0E82      	MOVLW       130
0x0092	0x6E0C      	MOVWF       R12, 0
0x0094	0x0EDD      	MOVLW       221
0x0096	0x6E0D      	MOVWF       R13, 0
L_main3:
0x0098	0x2E0D      	DECFSZ      R13, 1, 0
0x009A	0xD7FE      	BRA         L_main3
0x009C	0x2E0C      	DECFSZ      R12, 1, 0
0x009E	0xD7FC      	BRA         L_main3
0x00A0	0x0000      	NOP
0x00A2	0x0000      	NOP
;MyProject.c,16 :: 		}
0x00A4	0xD7E9      	BRA         L_main0
;MyProject.c,20 :: 		}
L_end_main:
0x00A6	0xD7FF      	BRA         $+0
; end of _main
Symbol List:
//** Routines locations **
//ADDRESS    SIZE    PROCEDURE
//----------------------------------------------
0x0008      [88]    _interrupt
0x0060      [18]    _interrupt_init
0x0072      [54]    _main
//** Variables locations ** 
//ADDRESS    SIZE    VARIABLE
//----------------------------------------------
0x0000       [1]    R0
0x0001       [1]    R1
0x0002       [1]    R2
0x0003       [1]    R3
0x0004       [1]    R4
0x0005       [1]    R5
0x0006       [1]    R6
0x0007       [1]    R7
0x0008       [1]    R8
0x0009       [1]    R9
0x000A       [1]    R10
0x000B       [1]    R11
0x000C       [1]    R12
0x000D       [1]    R13
0x000E       [1]    R14
0x000F       [1]    R15
0x0010       [1]    R16
0x0011       [1]    R17
0x0012       [1]    R18
0x0013       [1]    R19
0x0014       [1]    R20
0x0F81       [0]    RB5_bit
0x0F81       [0]    RB6_bit
0x0F81       [0]    RB4_bit
0x0F82       [0]    RC4_bit
0x0FD8       [1]    STATUS
0x0FD9       [1]    FSR2L
0x0FDA       [1]    FSR2H
0x0FDE       [1]    POSTINC2
0x0FE0       [1]    BSR
0x0FE1       [1]    FSR1L
0x0FE2       [1]    FSR1H
0x0FE4       [1]    PREINC1
0x0FE6       [1]    POSTINC1
0x0FE7       [1]    INDF1
0x0FE8       [1]    WREG
0x0FE9       [1]    FSR0L
0x0FEA       [1]    FSR0H
0x0FEE       [1]    POSTINC0
0x0FF2       [0]    RBIF_bit
0x0FF3       [1]    PRODL
0x0FF4       [1]    PRODH
0x0FF5       [1]    TABLAT
0x0FF6       [1]    TBLPTRL
0x0FF7       [1]    TBLPTRH
0x0FF8       [1]    TBLPTRU
