;  LST file generated by mikroListExporter - v.2.0 
; Date/Time: 05/07/2019 09:45:44 Õ
;----------------------------------------------

;Address Opcode 	ASM
0x0000	0xF000EFA5  	GOTO        330
0x0004	0x0000      	NOP
0x0006	0x0000      	NOP
0x0008	0xF000EF00  	GOTO        0
0x000C	0x0000      	NOP
0x000E	0x0000      	NOP
0x0010	0x0000      	NOP
0x0012	0x0000      	NOP
0x0014	0x0000      	NOP
0x0016	0x0000      	NOP
0x0018	0xD7F3      	BRA         0
_Div_8x8_U:
;__Lib_Math.c,77 :: 		
;__Lib_Math.c,84 :: 		
0x001C	0x6A08      	CLRF        R8, 0
;__Lib_Math.c,85 :: 		
0x001E	0x0E08      	MOVLW       8
;__Lib_Math.c,86 :: 		
0x0020	0x6E0C      	MOVWF       R12, 0
;__Lib_Math.c,87 :: 		
0x0022	0x3400      	RLCF        R0, 0, 0
;__Lib_Math.c,88 :: 		
0x0024	0x3608      	RLCF        R8, 1, 0
;__Lib_Math.c,89 :: 		
0x0026	0x5004      	MOVF        R4, 0, 0
;__Lib_Math.c,90 :: 		
0x0028	0x5E08      	SUBWF       R8, 1, 0
;__Lib_Math.c,91 :: 		
0x002A	0xB0D8      	BTFSC       STATUS, 0, 0
;__Lib_Math.c,92 :: 		
0x002C	0xD002      	BRA         $+6
;__Lib_Math.c,93 :: 		
0x002E	0x2608      	ADDWF       R8, 1, 0
;__Lib_Math.c,94 :: 		
0x0030	0x90D8      	BCF         STATUS, 0, 0
;__Lib_Math.c,95 :: 		
0x0032	0x3600      	RLCF        R0, 1, 0
;__Lib_Math.c,96 :: 		
0x0034	0x2E0C      	DECFSZ      R12, 1, 0
;__Lib_Math.c,97 :: 		
0x0036	0xD7F5      	BRA         $-20
;__Lib_Math.c,99 :: 		
L_end_Div_8x8_U:
0x0038	0x0012      	RETURN      0
; end of _Div_8x8_U
_convert_number_seven_segement:
;seven_seg_driver.c,40 :: 		uint8_t convert_number_seven_segement(uint8_t number){
;seven_seg_driver.c,41 :: 		return (number%10 | ((number/10)<<4));
0x003A	0x0E0A      	MOVLW       10
0x003C	0x6E04      	MOVWF       R4 
0x003E	0xF000C016  	MOVFF       FARG_convert_number_seven_segement_number, R0
0x0042	0xDFEC      	RCALL       _Div_8x8_U
0x0044	0xF000C008  	MOVFF       R8, R0
0x0048	0xF017C000  	MOVFF       R0, FLOC__convert_number_seven_segement
0x004C	0x0E0A      	MOVLW       10
0x004E	0x6E04      	MOVWF       R4 
0x0050	0xF000C016  	MOVFF       FARG_convert_number_seven_segement_number, R0
0x0054	0xDFE3      	RCALL       _Div_8x8_U
0x0056	0xF001C000  	MOVFF       R0, R1
0x005A	0x3601      	RLCF        R1, 1 
0x005C	0x9001      	BCF         R1, 0 
0x005E	0x3601      	RLCF        R1, 1 
0x0060	0x9001      	BCF         R1, 0 
0x0062	0x3601      	RLCF        R1, 1 
0x0064	0x9001      	BCF         R1, 0 
0x0066	0x3601      	RLCF        R1, 1 
0x0068	0x9001      	BCF         R1, 0 
0x006A	0x5001      	MOVF        R1, 0 
0x006C	0x1017      	IORWF       FLOC__convert_number_seven_segement, 0 
0x006E	0x6E00      	MOVWF       R0 
;seven_seg_driver.c,42 :: 		}
L_end_convert_number_seven_segement:
0x0070	0x0012      	RETURN      0
; end of _convert_number_seven_segement
_seven_segment_print_port_nuumber:
;seven_seg_driver.c,25 :: 		void seven_segment_print_port_nuumber(Register_Name_t port, uint8_t number){
;seven_seg_driver.c,26 :: 		if(port == PORTA_R){
0x0072	0x5016      	MOVF        FARG_seven_segment_print_port_nuumber_port, 0 
0x0074	0x0A00      	XORLW       0
0x0076	0xE107      	BNZ         L_seven_segment_print_port_nuumber7
;seven_seg_driver.c,27 :: 		PORTA_REG.Register = number;
0x0078	0x0E80      	MOVLW       128
0x007A	0x6EE1      	MOVWF       FSR1L 
0x007C	0x0E0F      	MOVLW       15
0x007E	0x6EE2      	MOVWF       FSR1H 
0x0080	0xFFE6C017  	MOVFF       FARG_seven_segment_print_port_nuumber_number, POSTINC1
;seven_seg_driver.c,28 :: 		}
0x0084	0xD01D      	BRA         L_seven_segment_print_port_nuumber8
L_seven_segment_print_port_nuumber7:
;seven_seg_driver.c,29 :: 		else if(port == PORTB_R){
0x0086	0x5016      	MOVF        FARG_seven_segment_print_port_nuumber_port, 0 
0x0088	0x0A01      	XORLW       1
0x008A	0xE107      	BNZ         L_seven_segment_print_port_nuumber9
;seven_seg_driver.c,30 :: 		PORTB_REG.Register = number;
0x008C	0x0E81      	MOVLW       129
0x008E	0x6EE1      	MOVWF       FSR1L 
0x0090	0x0E0F      	MOVLW       15
0x0092	0x6EE2      	MOVWF       FSR1H 
0x0094	0xFFE6C017  	MOVFF       FARG_seven_segment_print_port_nuumber_number, POSTINC1
;seven_seg_driver.c,31 :: 		}
0x0098	0xD013      	BRA         L_seven_segment_print_port_nuumber10
L_seven_segment_print_port_nuumber9:
;seven_seg_driver.c,32 :: 		else if(port == PORTC_R){
0x009A	0x5016      	MOVF        FARG_seven_segment_print_port_nuumber_port, 0 
0x009C	0x0A02      	XORLW       2
0x009E	0xE107      	BNZ         L_seven_segment_print_port_nuumber11
;seven_seg_driver.c,33 :: 		PORTC_REG.Register = number;
0x00A0	0x0E82      	MOVLW       130
0x00A2	0x6EE1      	MOVWF       FSR1L 
0x00A4	0x0E0F      	MOVLW       15
0x00A6	0x6EE2      	MOVWF       FSR1H 
0x00A8	0xFFE6C017  	MOVFF       FARG_seven_segment_print_port_nuumber_number, POSTINC1
;seven_seg_driver.c,34 :: 		}
0x00AC	0xD009      	BRA         L_seven_segment_print_port_nuumber12
L_seven_segment_print_port_nuumber11:
;seven_seg_driver.c,35 :: 		else if(port == PORTD_R){
0x00AE	0x5016      	MOVF        FARG_seven_segment_print_port_nuumber_port, 0 
0x00B0	0x0A03      	XORLW       3
0x00B2	0xE106      	BNZ         L_seven_segment_print_port_nuumber13
;seven_seg_driver.c,36 :: 		PORTD_REG.Register = number;
0x00B4	0x0E83      	MOVLW       131
0x00B6	0x6EE1      	MOVWF       FSR1L 
0x00B8	0x0E0F      	MOVLW       15
0x00BA	0x6EE2      	MOVWF       FSR1H 
0x00BC	0xFFE6C017  	MOVFF       FARG_seven_segment_print_port_nuumber_number, POSTINC1
;seven_seg_driver.c,37 :: 		}
L_seven_segment_print_port_nuumber13:
L_seven_segment_print_port_nuumber12:
L_seven_segment_print_port_nuumber10:
L_seven_segment_print_port_nuumber8:
;seven_seg_driver.c,38 :: 		}
L_end_seven_segment_print_port_nuumber:
0x00C0	0x0012      	RETURN      0
; end of _seven_segment_print_port_nuumber
___CC2DW:
;__Lib_System.c,21 :: 		
;__Lib_System.c,23 :: 		
_CC2DL_Loop1:
;__Lib_System.c,24 :: 		
0x00C2	0x0009      	TBLRD*+
;__Lib_System.c,25 :: 		
0x00C4	0xFFE6CFF5  	MOVFF       TABLAT, POSTINC1
;__Lib_System.c,26 :: 		
0x00C8	0x0600      	DECF        R0, 1, 0
;__Lib_System.c,27 :: 		
0x00CA	0xE1FB      	BNZ         _CC2DL_Loop1
;__Lib_System.c,28 :: 		
0x00CC	0x0601      	DECF        R1, 1, 0
;__Lib_System.c,29 :: 		
0x00CE	0xE1F9      	BNZ         _CC2DL_Loop1
;__Lib_System.c,31 :: 		
L_end___CC2DW:
0x00D0	0x0012      	RETURN      0
; end of ___CC2DW
_seven_segment_print_port_nuumber_init:
;seven_seg_driver.c,6 :: 		void seven_segment_print_port_nuumber_init(Register_Name_t port){
;seven_seg_driver.c,7 :: 		if(port == PORTA_R){
0x00D2	0x5016      	MOVF        FARG_seven_segment_print_port_nuumber_init_port, 0 
0x00D4	0x0A00      	XORLW       0
0x00D6	0xE10C      	BNZ         L_seven_segment_print_port_nuumber_init0
;seven_seg_driver.c,8 :: 		TRISA_REG.Register = 0;    // All Reg is Output
0x00D8	0x0E92      	MOVLW       146
0x00DA	0x6EE1      	MOVWF       FSR1L 
0x00DC	0x0E0F      	MOVLW       15
0x00DE	0x6EE2      	MOVWF       FSR1H 
0x00E0	0x6AE6      	CLRF        POSTINC1 
;seven_seg_driver.c,9 :: 		PORTA_REG.Register = 255; // All Port Reg = 255
0x00E2	0x0E80      	MOVLW       128
0x00E4	0x6EE1      	MOVWF       FSR1L 
0x00E6	0x0E0F      	MOVLW       15
0x00E8	0x6EE2      	MOVWF       FSR1H 
0x00EA	0x0EFF      	MOVLW       255
0x00EC	0x6EE6      	MOVWF       POSTINC1 
;seven_seg_driver.c,10 :: 		}
0x00EE	0xD02C      	BRA         L_seven_segment_print_port_nuumber_init1
L_seven_segment_print_port_nuumber_init0:
;seven_seg_driver.c,11 :: 		else if(port == PORTB_R){
0x00F0	0x5016      	MOVF        FARG_seven_segment_print_port_nuumber_init_port, 0 
0x00F2	0x0A01      	XORLW       1
0x00F4	0xE10C      	BNZ         L_seven_segment_print_port_nuumber_init2
;seven_seg_driver.c,12 :: 		TRISB_REG.Register = 0;    // All Reg is Output
0x00F6	0x0E93      	MOVLW       147
0x00F8	0x6EE1      	MOVWF       FSR1L 
0x00FA	0x0E0F      	MOVLW       15
0x00FC	0x6EE2      	MOVWF       FSR1H 
0x00FE	0x6AE6      	CLRF        POSTINC1 
;seven_seg_driver.c,13 :: 		PORTB_REG.Register = 255; // All Port Reg = 255
0x0100	0x0E81      	MOVLW       129
0x0102	0x6EE1      	MOVWF       FSR1L 
0x0104	0x0E0F      	MOVLW       15
0x0106	0x6EE2      	MOVWF       FSR1H 
0x0108	0x0EFF      	MOVLW       255
0x010A	0x6EE6      	MOVWF       POSTINC1 
;seven_seg_driver.c,14 :: 		}
0x010C	0xD01D      	BRA         L_seven_segment_print_port_nuumber_init3
L_seven_segment_print_port_nuumber_init2:
;seven_seg_driver.c,15 :: 		else if(port == PORTC_R){
0x010E	0x5016      	MOVF        FARG_seven_segment_print_port_nuumber_init_port, 0 
0x0110	0x0A02      	XORLW       2
0x0112	0xE10C      	BNZ         L_seven_segment_print_port_nuumber_init4
;seven_seg_driver.c,16 :: 		TRISC_REG.Register = 0;    // All Reg is Output
0x0114	0x0E94      	MOVLW       148
0x0116	0x6EE1      	MOVWF       FSR1L 
0x0118	0x0E0F      	MOVLW       15
0x011A	0x6EE2      	MOVWF       FSR1H 
0x011C	0x6AE6      	CLRF        POSTINC1 
;seven_seg_driver.c,17 :: 		PORTC_REG.Register = 255; // All Port Reg = 255
0x011E	0x0E82      	MOVLW       130
0x0120	0x6EE1      	MOVWF       FSR1L 
0x0122	0x0E0F      	MOVLW       15
0x0124	0x6EE2      	MOVWF       FSR1H 
0x0126	0x0EFF      	MOVLW       255
0x0128	0x6EE6      	MOVWF       POSTINC1 
;seven_seg_driver.c,18 :: 		}
0x012A	0xD00E      	BRA         L_seven_segment_print_port_nuumber_init5
L_seven_segment_print_port_nuumber_init4:
;seven_seg_driver.c,19 :: 		else if(port == PORTD_R){
0x012C	0x5016      	MOVF        FARG_seven_segment_print_port_nuumber_init_port, 0 
0x012E	0x0A03      	XORLW       3
0x0130	0xE10B      	BNZ         L_seven_segment_print_port_nuumber_init6
;seven_seg_driver.c,20 :: 		TRISD_REG.Register = 0;    // All Reg is Output
0x0132	0x0E95      	MOVLW       149
0x0134	0x6EE1      	MOVWF       FSR1L 
0x0136	0x0E0F      	MOVLW       15
0x0138	0x6EE2      	MOVWF       FSR1H 
0x013A	0x6AE6      	CLRF        POSTINC1 
;seven_seg_driver.c,21 :: 		PORTD_REG.Register = 255; // All Port Reg = 255
0x013C	0x0E83      	MOVLW       131
0x013E	0x6EE1      	MOVWF       FSR1L 
0x0140	0x0E0F      	MOVLW       15
0x0142	0x6EE2      	MOVWF       FSR1H 
0x0144	0x0EFF      	MOVLW       255
0x0146	0x6EE6      	MOVWF       POSTINC1 
;seven_seg_driver.c,22 :: 		}
L_seven_segment_print_port_nuumber_init6:
L_seven_segment_print_port_nuumber_init5:
L_seven_segment_print_port_nuumber_init3:
L_seven_segment_print_port_nuumber_init1:
;seven_seg_driver.c,23 :: 		}
L_end_seven_segment_print_port_nuumber_init:
0x0148	0x0012      	RETURN      0
; end of _seven_segment_print_port_nuumber_init
_main:
0x014A	0x6A15      	CLRF        _counter 
;Seven_Seg1.c,6 :: 		void main() {
;Seven_Seg1.c,7 :: 		TRISD_REG.Register_Bits.Bit1=0;
0x014C	0x0E95      	MOVLW       149
0x014E	0x6EE1      	MOVWF       FSR1L 
0x0150	0x0E0F      	MOVLW       15
0x0152	0x6EE2      	MOVWF       FSR1H 
0x0154	0x92E6      	BCF         POSTINC1, 1 
;Seven_Seg1.c,8 :: 		PORTD_REG.Register_Bits.Bit1=0;
0x0156	0x0E83      	MOVLW       131
0x0158	0x6EE1      	MOVWF       FSR1L 
0x015A	0x0E0F      	MOVLW       15
0x015C	0x6EE2      	MOVWF       FSR1H 
0x015E	0x92E6      	BCF         POSTINC1, 1 
;Seven_Seg1.c,9 :: 		seven_segment_print_port_nuumber_init(PORTC_R);
0x0160	0x0E02      	MOVLW       2
0x0162	0x6E16      	MOVWF       FARG_seven_segment_print_port_nuumber_init_port 
0x0164	0xDFB6      	RCALL       _seven_segment_print_port_nuumber_init
;Seven_Seg1.c,10 :: 		while(1){
L_main0:
;Seven_Seg1.c,11 :: 		if (PORTD_REG.Register_Bits.Bit1==1){
0x0166	0x0E83      	MOVLW       131
0x0168	0x6EE9      	MOVWF       FSR0L 
0x016A	0x0E0F      	MOVLW       15
0x016C	0x6EEA      	MOVWF       FSR0H 
0x016E	0xF000CFEE  	MOVFF       POSTINC0, R0
0x0172	0xA200      	BTFSS       R0, 1 
0x0174	0xD01C      	BRA         L_main2
;Seven_Seg1.c,12 :: 		for(counter=0; counter<100; counter++){
0x0176	0x6A15      	CLRF        _counter 
L_main3:
0x0178	0x0E64      	MOVLW       100
0x017A	0x5C15      	SUBWF       _counter, 0 
0x017C	0xE218      	BC          L_main4
;Seven_Seg1.c,13 :: 		seven_segment_print_port_nuumber(PORTC_R, convert_number_seven_segement(counter));
0x017E	0xF016C015  	MOVFF       _counter, FARG_convert_number_seven_segement_number
0x0182	0xDF5B      	RCALL       _convert_number_seven_segement
0x0184	0xF017C000  	MOVFF       R0, FARG_seven_segment_print_port_nuumber_number
0x0188	0x0E02      	MOVLW       2
0x018A	0x6E16      	MOVWF       FARG_seven_segment_print_port_nuumber_port 
0x018C	0xDF72      	RCALL       _seven_segment_print_port_nuumber
;Seven_Seg1.c,14 :: 		Delay_ms(250);
0x018E	0x0E02      	MOVLW       2
0x0190	0x6E0B      	MOVWF       R11, 0
0x0192	0x0E45      	MOVLW       69
0x0194	0x6E0C      	MOVWF       R12, 0
0x0196	0x0EA9      	MOVLW       169
0x0198	0x6E0D      	MOVWF       R13, 0
L_main6:
0x019A	0x2E0D      	DECFSZ      R13, 1, 0
0x019C	0xD7FE      	BRA         L_main6
0x019E	0x2E0C      	DECFSZ      R12, 1, 0
0x01A0	0xD7FC      	BRA         L_main6
0x01A2	0x2E0B      	DECFSZ      R11, 1, 0
0x01A4	0xD7FA      	BRA         L_main6
0x01A6	0x0000      	NOP
0x01A8	0x0000      	NOP
;Seven_Seg1.c,12 :: 		for(counter=0; counter<100; counter++){
0x01AA	0x2A15      	INCF        _counter, 1 
;Seven_Seg1.c,15 :: 		}
0x01AC	0xD7E5      	BRA         L_main3
L_main4:
;Seven_Seg1.c,16 :: 		}
L_main2:
;Seven_Seg1.c,17 :: 		}
0x01AE	0xD7DB      	BRA         L_main0
;Seven_Seg1.c,18 :: 		}
L_end_main:
0x01B0	0xD7FF      	BRA         $+0
; end of _main
Symbol List:
//** Routines locations **
//ADDRESS    SIZE    PROCEDURE
//----------------------------------------------
0x001C      [30]    _Div_8x8_U
0x003A      [56]    _convert_number_seven_segement
0x0072      [80]    _seven_segment_print_port_nuumber
0x00C2      [16]    ___CC2DW
0x00D2     [120]    _seven_segment_print_port_nuumber_init
0x014A     [104]    _main
//** Variables locations ** 
//ADDRESS    SIZE    VARIABLE
//----------------------------------------------
0x0000       [1]    R0
0x0000       [1]    SPI1_Write_tmp_L0
0x0000       [1]    FLASH_Erase_64_SaveINTCON_L0
0x0000       [1]    UART1_Init_tmp_L0
0x0000       [1]    __Lib_SoftI2C_PutZerosToLATSda_temp_sda_L0
0x0000       [1]    __Lib_SoftI2C_PutZerosToLATScl_temp_scl_L0
0x0000       [1]    EEPROM_Write_SaveINTCON_L0
0x0001       [1]    UART1_Read___tmp_UART1_Read_L0
0x0001       [1]    FLASH_Erase_Write_64_i_L0
0x0001       [1]    __Lib_PS2_Wait_Falling_nsample_L0
0x0001       [2]    FLASH_Read_N_Bytes_i_L0
0x0001       [1]    FLASH_Write_64_i_L0
0x0001       [1]    ispunct_rslt_L0
0x0001       [1]    I2C1_Rd_tmp_L0
0x0001       [1]    R1
0x0001       [1]    __Lib_TFT_JPEG_FileRead_i_L0
0x0001       [1]    __Lib_TFT_16bit_JPEG_FileReadBytes_Result_L0
0x0001       [1]    __Lib_TFT_JPEG_FileReadBytes_Result_L0
0x0001       [1]    __Lib_TFT_16bit_JPEG_FileRead_i_L0
0x0002       [2]    memset_pp_L0
0x0002       [1]    R2
0x0002       [1]    FLASH_Erase_Write_64_j_L0
0x0002       [2]    strlen_cp_L0
0x0002       [1]    FLASH_Write_64_SaveINTCON_L0
0x0002       [2]    memchr_s_L0
0x0002       [2]    memcpy_dd_L0
0x0003       [2]    Ltrim_original_L0
0x0003       [2]    MM_TotalFreeMemSize_Tot_L0
0x0003       [1]    FLASH_Erase_Write_64_SaveINTCON_L0
0x0003       [1]    MM_Init_i_L0
0x0003       [2]    __Lib_MmcFat16_f16_toInt_l_L0
0x0003       [1]    R3
0x0003       [2]    memmove_tt_L0
0x0004       [2]    strcat_cp_L0
0x0004       [2]    strcpy_cp_L0
0x0004       [2]    strncat_cp_L0
0x0004       [2]    strncpy_cp_L0
0x0004       [2]    memcpy_ss_L0
0x0004       [1]    R4
0x0004       [2]    frexp_pom_L0
0x0004       [2]    __Lib_MemManager_MM_GetMemAlign_P_L0
0x0005       [2]    memmove_ff_L0
0x0005       [2]    Ltrim_p_L0
0x0005       [1]    R5
0x0005       [1]    MM_TotalFreeMemSize_i_L0
0x0005       [2]    LongIntToHex_input_half_L0
0x0005       [2]    LongWordToHex_input_half_L0
0x0006       [1]    __Lib_MemManager_MM_GetMemAlign_i_L0
0x0006       [1]    R6
0x0007       [1]    __Lib_TFT_16bit_JPEG_GenerateHuffmanTables_bLength_L0
0x0007       [1]    R7
0x0007       [1]    __Lib_TFT_JPEG_GenerateHuffmanTables_bLength_L0
0x0008       [1]    __Lib_TFT_16bit_JPEG_GenerateHuffmanTables_bTable_L0
0x0008       [1]    R8
0x0008       [1]    __Lib_TFT_JPEG_GenerateHuffmanTables_bTable_L0
0x0009       [1]    R9
0x0009       [4]    __Lib_MmcFat16_f16_toLong_l_L0
0x000A       [1]    R10
0x000B       [1]    R11
0x000C       [1]    R12
0x000D       [1]    R13
0x000E       [1]    R14
0x000F       [1]    R15
0x0010       [1]    R16
0x0011       [1]    R17
0x0012       [1]    R18
0x0013       [1]    R19
0x0014       [1]    R20
0x0015       [1]    _counter
0x0016       [1]    FARG_convert_number_seven_segement_number
0x0016       [1]    FARG_seven_segment_print_port_nuumber_port
0x0016       [1]    FARG_seven_segment_print_port_nuumber_init_port
0x0017       [1]    FARG_seven_segment_print_port_nuumber_number
0x0017       [1]    FLOC__convert_number_seven_segement
0x0FD8       [1]    STATUS
0x0FD9       [1]    FSR2L
0x0FDA       [1]    FSR2H
0x0FDE       [1]    POSTINC2
0x0FE0       [1]    BSR
0x0FE1       [1]    FSR1L
0x0FE2       [1]    FSR1H
0x0FE4       [1]    PREINC1
0x0FE6       [1]    POSTINC1
0x0FE7       [1]    INDF1
0x0FE8       [1]    WREG
0x0FE9       [1]    FSR0L
0x0FEA       [1]    FSR0H
0x0FEE       [1]    POSTINC0
0x0FF3       [1]    PRODL
0x0FF4       [1]    PRODH
0x0FF5       [1]    TABLAT
0x0FF6       [1]    TBLPTRL
0x0FF7       [1]    TBLPTRH
0x0FF8       [1]    TBLPTRU
//** Label List: ** 
//----------------------------------------------
  L_main0
  L_main1
  L_main2
  L_main3
  L_main4
  L_main5
  L_main6
  L_end_main
  _main
  L_seven_segment_print_port_nuumber_init0
  L_seven_segment_print_port_nuumber_init1
  L_seven_segment_print_port_nuumber_init2
  L_seven_segment_print_port_nuumber_init3
  L_seven_segment_print_port_nuumber_init4
  L_seven_segment_print_port_nuumber_init5
  L_seven_segment_print_port_nuumber_init6
  L_seven_segment_print_port_nuumber7
  L_seven_segment_print_port_nuumber8
  L_seven_segment_print_port_nuumber9
  L_seven_segment_print_port_nuumber10
  L_seven_segment_print_port_nuumber11
  L_seven_segment_print_port_nuumber12
  L_seven_segment_print_port_nuumber13
  L_end_seven_segment_print_port_nuumber_init
  _seven_segment_print_port_nuumber_init
  L_end_seven_segment_print_port_nuumber
  _seven_segment_print_port_nuumber
  L_end_convert_number_seven_segement
  _convert_number_seven_segement
  L_Div_16x16_S0
  L_Div_16x16_S1
  LOOPS3232A
  SADD22LA
  SOK22LA
  SADD22L8
  SOK22L8
  LOOPS3232B
  SADD22LB
  SOK22LB
  SADD22L16
  SOK22L16
  LOOPS3232C
  SADD22LC
  SOK22LC
  SADD22L24
  SOK22L24
  LOOPS3232D
  SADD22LD
  SOK22LD
  SOK22L
  L_Div_32x32_S6
  L_Div_32x32_S7
  L_Div_32x32_S8
  L_Div_32x32_S9
  FXD3232S
  END_ALL
  CA3232S
  C3232SX
  C3232SX1
  C3232S
  C3232S2
  C3232SX4
  C3232SOK
  C3232SX3
  C3232SX2
  avoid_comfrem
  LOOPU3232A
  UADD22LA
  UOK22LA
  UADD22L8
  UOK22L8
  LOOPU3232B
  UADD22LB
  UOK22LB
  UADD22L16
  UOK22L16
  LOOPU3232C
  UADD22LC
  UOK22LC
  UADD22L24
  UOK22L24
  LOOPU3232D
  UADD22LD
  UOK22LD
  UOK22L
  _NEXT
  _EXIT2
  _LOOP
  _EXIT1
  _IF_FIRST
  _IF_SECOND
  _INVERCE_FIRST
  _MULT
  _INBERSE_SECOND
  _EXIT
  L_end_Div_8x8_U
  _Div_8x8_U
  L_end_Div_16x16_U
  _Div_16x16_U
  L_end_Div_16x16_S_L
  _Div_16x16_S_L
  L_end_Div_16x16_S
  _Div_16x16_S
  L_end_Div_8x8_S
  _Div_8x8_S
  L_end_Mul_8x8_S
  _Mul_8x8_S
  L_end_Mul_16x16_U
  _Mul_16x16_U
  L_end_Mul_16x16_S
  _Mul_16x16_S
  L_end_SDIV3232L
  _SDIV3232L
  L_end_COMFREM
  _COMFREM
  L_end_Div_32x32_S
  _Div_32x32_S
  L_end_Div_32x32_U
  _Div_32x32_U
  L_end_Mul_32x32_U
  _Mul_32x32_U
  L_end_Mul_32x32_S
  _Mul_32x32_S
  _CC2D_Loop1
  _CC2DL_Loop1
  L_loopCA2AWs
  L_loopCCA2AWs
  L_loopCS2Ss
  L_CS2Send
  L_loopCCS2Ss
  L_CCS2Send
  L_loopFZinSWs
  L_longjmp7
  L_end___CC2D
  ___CC2D
  L_end___CC2DW
  ___CC2DW
  L_end___CA2AW
  ___CA2AW
  L_end___CCA2AW
  ___CCA2AW
  L_end___CS2S
  ___CS2S
  L_end___CCS2S
  ___CCS2S
  L_end___FZinS
  ___FZinS
  L_end_____DoIFC
  _____DoIFC
  L_end_Swap
  _Swap
  L_end_setjmp
  _setjmp
  L_end_longjmp
  _longjmp
